WARNING:werkzeug: * Debugger is active!
INFO:werkzeug: * Debugger PIN: 217-473-756
INFO:werkzeug: * Running on http://127.0.0.1:80/ (Press CTRL+C to quit)
INFO:werkzeug: * Detected change in 'C:\\Users\\Lucas\\Desktop\\Projects\\PCHackers\\webapp\\main.py', reloading
WARNING:werkzeug: * Debugger is active!
INFO:werkzeug: * Debugger PIN: 217-473-756
INFO:werkzeug: * Running on http://127.0.0.1:80/ (Press CTRL+C to quit)
INFO:root:Loading database...
INFO:root:Storing user:bib
INFO:root:Writing to database.
INFO:root:Loading database...
INFO:root:Database Loaded.
INFO:root:Storing user:bib
INFO:root:Writing to database.
INFO:werkzeug: * Restarting with stat
INFO:root:Loading database...
INFO:root:Database Loaded.
INFO:root:Storing user:bib
INFO:root:Writing to database.
WARNING:werkzeug: * Debugger is active!
INFO:werkzeug: * Debugger PIN: 217-473-756
INFO:werkzeug: * Running on http://127.0.0.1:80/ (Press CTRL+C to quit)
